The system is: Darwin - 20.6.0 - arm64
Compiling the C compiler identification source file "CMakeCCompilerId.c" succeeded.
Compiler: /opt/homebrew/Cellar/gcc/11.1.0_1/bin/gcc-11 
Build flags: 
Id flags:  

The output was:
0


Compilation of the C compiler identification source "CMakeCCompilerId.c" produced "a.out"

The C compiler identification is GNU, found in "/Users/wuzhongqi/CLionProjects/BinPacking_OMP/cmake-build-debug/CMakeFiles/3.20.2/CompilerIdC/a.out"

Compiling the CXX compiler identification source file "CMakeCXXCompilerId.cpp" succeeded.
Compiler: /opt/homebrew/Cellar/gcc/11.1.0_1/bin/g++-11 
Build flags: 
Id flags:  

The output was:
0


Compilation of the CXX compiler identification source "CMakeCXXCompilerId.cpp" produced "a.out"

The CXX compiler identification is GNU, found in "/Users/wuzhongqi/CLionProjects/BinPacking_OMP/cmake-build-debug/CMakeFiles/3.20.2/CompilerIdCXX/a.out"

Detecting C compiler ABI info compiled with the following output:
Change Dir: /Users/wuzhongqi/CLionProjects/BinPacking_OMP/cmake-build-debug/CMakeFiles/CMakeTmp

Run Build Command(s):/usr/bin/make -f Makefile cmTC_174e6/fast && /Library/Developer/CommandLineTools/usr/bin/make  -f CMakeFiles/cmTC_174e6.dir/build.make CMakeFiles/cmTC_174e6.dir/build
Building C object CMakeFiles/cmTC_174e6.dir/CMakeCCompilerABI.c.o
/opt/homebrew/Cellar/gcc/11.1.0_1/bin/gcc-11   -arch arm64 -isysroot /Library/Developer/CommandLineTools/SDKs/MacOSX11.3.sdk   -v -Wl,-v -o CMakeFiles/cmTC_174e6.dir/CMakeCCompilerABI.c.o -c /Applications/CLion.app/Contents/bin/cmake/mac/share/cmake-3.20/Modules/CMakeCCompilerABI.c
Using built-in specs.
COLLECT_GCC=/opt/homebrew/Cellar/gcc/11.1.0_1/bin/gcc-11
Target: aarch64-apple-darwin20
Configured with: ../configure --prefix=/opt/homebrew/Cellar/gcc/11.1.0_1 --libdir=/opt/homebrew/Cellar/gcc/11.1.0_1/lib/gcc/11 --disable-nls --enable-checking=release --enable-languages=c,c++,objc,obj-c++,fortran --program-suffix=-11 --with-gmp=/opt/homebrew/opt/gmp --with-mpfr=/opt/homebrew/opt/mpfr --with-mpc=/opt/homebrew/opt/libmpc --with-isl=/opt/homebrew/opt/isl --with-zstd=/opt/homebrew/opt/zstd --with-pkgversion='Homebrew GCC 11.1.0_1' --with-bugurl=https://github.com/Homebrew/homebrew-core/issues --build=aarch64-apple-darwin20 --with-system-zlib --disable-multilib --with-native-system-header-dir=/usr/include --with-sysroot=/Library/Developer/CommandLineTools/SDKs/MacOSX.sdk
Thread model: posix
Supported LTO compression algorithms: zlib zstd
gcc version 11.1.0 (Homebrew GCC 11.1.0_1) 
COLLECT_GCC_OPTIONS='-isysroot' '/Library/Developer/CommandLineTools/SDKs/MacOSX11.3.sdk' '-v' '-o' 'CMakeFiles/cmTC_174e6.dir/CMakeCCompilerABI.c.o' '-c' '-mmacosx-version-min=11.5.0' '-asm_macosx_version_min=11.5' '-mlittle-endian' '-mabi=lp64' '-dumpdir' 'CMakeFiles/cmTC_174e6.dir/'
 /opt/homebrew/Cellar/gcc/11.1.0_1/libexec/gcc/aarch64-apple-darwin20/11.1.0/cc1 -quiet -v -D__DYNAMIC__ -isysroot /Library/Developer/CommandLineTools/SDKs/MacOSX11.3.sdk /Applications/CLion.app/Contents/bin/cmake/mac/share/cmake-3.20/Modules/CMakeCCompilerABI.c -fPIC -quiet -dumpdir CMakeFiles/cmTC_174e6.dir/ -dumpbase CMakeCCompilerABI.c.c -dumpbase-ext .c -mmacosx-version-min=11.5.0 -mlittle-endian -mabi=lp64 -version -o /var/folders/x6/jmxw5p4x1c30zhxg3hykkdrw0000gn/T//ccnnyeAK.s
GNU C17 (Homebrew GCC 11.1.0_1) version 11.1.0 (aarch64-apple-darwin20)
	compiled by GNU C version 11.1.0, GMP version 6.2.1, MPFR version 4.1.0, MPC version 1.2.1, isl version isl-0.24-GMP

GGC heuristics: --param ggc-min-expand=100 --param ggc-min-heapsize=131072
ignoring nonexistent directory "/Library/Developer/CommandLineTools/SDKs/MacOSX11.3.sdk/usr/local/include"
ignoring nonexistent directory "/opt/homebrew/Cellar/gcc/11.1.0_1/lib/gcc/11/gcc/aarch64-apple-darwin20/11.1.0/../../../../../../aarch64-apple-darwin20/include"
ignoring nonexistent directory "/Library/Developer/CommandLineTools/SDKs/MacOSX11.3.sdk/Library/Frameworks"
#include "..." search starts here:
#include <...> search starts here:
 /opt/homebrew/Cellar/gcc/11.1.0_1/lib/gcc/11/gcc/aarch64-apple-darwin20/11.1.0/include
 /opt/homebrew/Cellar/gcc/11.1.0_1/lib/gcc/11/gcc/aarch64-apple-darwin20/11.1.0/include-fixed
 /Library/Developer/CommandLineTools/SDKs/MacOSX11.3.sdk/usr/include
 /Library/Developer/CommandLineTools/SDKs/MacOSX11.3.sdk/System/Library/Frameworks
End of search list.
GNU C17 (Homebrew GCC 11.1.0_1) version 11.1.0 (aarch64-apple-darwin20)
	compiled by GNU C version 11.1.0, GMP version 6.2.1, MPFR version 4.1.0, MPC version 1.2.1, isl version isl-0.24-GMP

GGC heuristics: --param ggc-min-expand=100 --param ggc-min-heapsize=131072
Compiler executable checksum: 41b0656433a312e6a24307d675ab7251
COLLECT_GCC_OPTIONS='-isysroot' '/Library/Developer/CommandLineTools/SDKs/MacOSX11.3.sdk' '-v' '-o' 'CMakeFiles/cmTC_174e6.dir/CMakeCCompilerABI.c.o' '-c' '-mmacosx-version-min=11.5.0'  '-mlittle-endian' '-mabi=lp64' '-dumpdir' 'CMakeFiles/cmTC_174e6.dir/'
 as -arch arm64 -v -mmacosx-version-min=11.5 -o CMakeFiles/cmTC_174e6.dir/CMakeCCompilerABI.c.o /var/folders/x6/jmxw5p4x1c30zhxg3hykkdrw0000gn/T//ccnnyeAK.s
Apple clang version 12.0.5 (clang-1205.0.22.11)
Target: aarch64-apple-darwin20.6.0
Thread model: posix
InstalledDir: /Library/Developer/CommandLineTools/usr/bin
 "/Library/Developer/CommandLineTools/usr/bin/clang" -cc1as -triple arm64-apple-macosx11.5.0 -filetype obj -main-file-name ccnnyeAK.s -target-cpu apple-a12 -target-feature +v8.3a -target-feature +fp-armv8 -target-feature +neon -target-feature +crc -target-feature +crypto -target-feature +fullfp16 -target-feature +ras -target-feature +lse -target-feature +rdm -target-feature +rcpc -target-feature +zcm -target-feature +zcz -target-feature +sha2 -target-feature +aes -fdebug-compilation-dir /Users/wuzhongqi/CLionProjects/BinPacking_OMP/cmake-build-debug/CMakeFiles/CMakeTmp -dwarf-debug-producer "Apple clang version 12.0.5 (clang-1205.0.22.11)" -dwarf-version=4 -mrelocation-model pic -mllvm -disable-aligned-alloc-awareness=1 -o CMakeFiles/cmTC_174e6.dir/CMakeCCompilerABI.c.o /var/folders/x6/jmxw5p4x1c30zhxg3hykkdrw0000gn/T//ccnnyeAK.s
COMPILER_PATH=/opt/homebrew/Cellar/gcc/11.1.0_1/libexec/gcc/aarch64-apple-darwin20/11.1.0/:/opt/homebrew/Cellar/gcc/11.1.0_1/libexec/gcc/aarch64-apple-darwin20/11.1.0/:/opt/homebrew/Cellar/gcc/11.1.0_1/libexec/gcc/aarch64-apple-darwin20/:/opt/homebrew/Cellar/gcc/11.1.0_1/lib/gcc/11/gcc/aarch64-apple-darwin20/11.1.0/:/opt/homebrew/Cellar/gcc/11.1.0_1/lib/gcc/11/gcc/aarch64-apple-darwin20/
LIBRARY_PATH=/opt/homebrew/Cellar/gcc/11.1.0_1/lib/gcc/11/gcc/aarch64-apple-darwin20/11.1.0/:/opt/homebrew/Cellar/gcc/11.1.0_1/lib/gcc/11/gcc/aarch64-apple-darwin20/11.1.0/../../../
COLLECT_GCC_OPTIONS='-isysroot' '/Library/Developer/CommandLineTools/SDKs/MacOSX11.3.sdk' '-v' '-o' 'CMakeFiles/cmTC_174e6.dir/CMakeCCompilerABI.c.o' '-c' '-mmacosx-version-min=11.5.0'  '-mlittle-endian' '-mabi=lp64' '-dumpdir' 'CMakeFiles/cmTC_174e6.dir/CMakeCCompilerABI.c.'
Linking C executable cmTC_174e6
/Applications/CLion.app/Contents/bin/cmake/mac/bin/cmake -E cmake_link_script CMakeFiles/cmTC_174e6.dir/link.txt --verbose=1
/opt/homebrew/Cellar/gcc/11.1.0_1/bin/gcc-11  -arch arm64 -isysroot /Library/Developer/CommandLineTools/SDKs/MacOSX11.3.sdk -Wl,-search_paths_first -Wl,-headerpad_max_install_names  -v -Wl,-v CMakeFiles/cmTC_174e6.dir/CMakeCCompilerABI.c.o -o cmTC_174e6 
Using built-in specs.
COLLECT_GCC=/opt/homebrew/Cellar/gcc/11.1.0_1/bin/gcc-11
COLLECT_LTO_WRAPPER=/opt/homebrew/Cellar/gcc/11.1.0_1/libexec/gcc/aarch64-apple-darwin20/11.1.0/lto-wrapper
Target: aarch64-apple-darwin20
Configured with: ../configure --prefix=/opt/homebrew/Cellar/gcc/11.1.0_1 --libdir=/opt/homebrew/Cellar/gcc/11.1.0_1/lib/gcc/11 --disable-nls --enable-checking=release --enable-languages=c,c++,objc,obj-c++,fortran --program-suffix=-11 --with-gmp=/opt/homebrew/opt/gmp --with-mpfr=/opt/homebrew/opt/mpfr --with-mpc=/opt/homebrew/opt/libmpc --with-isl=/opt/homebrew/opt/isl --with-zstd=/opt/homebrew/opt/zstd --with-pkgversion='Homebrew GCC 11.1.0_1' --with-bugurl=https://github.com/Homebrew/homebrew-core/issues --build=aarch64-apple-darwin20 --with-system-zlib --disable-multilib --with-native-system-header-dir=/usr/include --with-sysroot=/Library/Developer/CommandLineTools/SDKs/MacOSX.sdk
Thread model: posix
Supported LTO compression algorithms: zlib zstd
gcc version 11.1.0 (Homebrew GCC 11.1.0_1) 
COMPILER_PATH=/opt/homebrew/Cellar/gcc/11.1.0_1/libexec/gcc/aarch64-apple-darwin20/11.1.0/:/opt/homebrew/Cellar/gcc/11.1.0_1/libexec/gcc/aarch64-apple-darwin20/11.1.0/:/opt/homebrew/Cellar/gcc/11.1.0_1/libexec/gcc/aarch64-apple-darwin20/:/opt/homebrew/Cellar/gcc/11.1.0_1/lib/gcc/11/gcc/aarch64-apple-darwin20/11.1.0/:/opt/homebrew/Cellar/gcc/11.1.0_1/lib/gcc/11/gcc/aarch64-apple-darwin20/
LIBRARY_PATH=/opt/homebrew/Cellar/gcc/11.1.0_1/lib/gcc/11/gcc/aarch64-apple-darwin20/11.1.0/:/opt/homebrew/Cellar/gcc/11.1.0_1/lib/gcc/11/gcc/aarch64-apple-darwin20/11.1.0/../../../
COLLECT_GCC_OPTIONS='-isysroot' '/Library/Developer/CommandLineTools/SDKs/MacOSX11.3.sdk' '-v' '-o' 'cmTC_174e6' '-mmacosx-version-min=11.5.0' '-asm_macosx_version_min=11.5' '-mlittle-endian' '-mabi=lp64' '-dumpdir' 'cmTC_174e6.'
 /opt/homebrew/Cellar/gcc/11.1.0_1/libexec/gcc/aarch64-apple-darwin20/11.1.0/collect2 -dynamic -arch arm64 -macosx_version_min 11.5.0 -syslibroot /Library/Developer/CommandLineTools/SDKs/MacOSX11.3.sdk -weak_reference_mismatches non-weak -o cmTC_174e6 -L/opt/homebrew/Cellar/gcc/11.1.0_1/lib/gcc/11/gcc/aarch64-apple-darwin20/11.1.0 -L/opt/homebrew/Cellar/gcc/11.1.0_1/lib/gcc/11/gcc/aarch64-apple-darwin20/11.1.0/../../.. -search_paths_first -headerpad_max_install_names -v CMakeFiles/cmTC_174e6.dir/CMakeCCompilerABI.c.o -lgcc_s.1.1 -lgcc -lSystem -lgcc -no_compact_unwind -rpath @loader_path -rpath /opt/homebrew/Cellar/gcc/11.1.0_1/lib/gcc/11/gcc/aarch64-apple-darwin20/11.1.0 -rpath /opt/homebrew/Cellar/gcc/11.1.0_1/lib/gcc/11/gcc/aarch64-apple-darwin20/11.1.0/../../.. -v
collect2 version 11.1.0
/usr/bin/ld -dynamic -arch arm64 -macosx_version_min 11.5.0 -syslibroot /Library/Developer/CommandLineTools/SDKs/MacOSX11.3.sdk -weak_reference_mismatches non-weak -o cmTC_174e6 -L/opt/homebrew/Cellar/gcc/11.1.0_1/lib/gcc/11/gcc/aarch64-apple-darwin20/11.1.0 -L/opt/homebrew/Cellar/gcc/11.1.0_1/lib/gcc/11/gcc/aarch64-apple-darwin20/11.1.0/../../.. -search_paths_first -headerpad_max_install_names -v CMakeFiles/cmTC_174e6.dir/CMakeCCompilerABI.c.o -lgcc_s.1.1 -lgcc -lSystem -lgcc -no_compact_unwind -rpath @loader_path -rpath /opt/homebrew/Cellar/gcc/11.1.0_1/lib/gcc/11/gcc/aarch64-apple-darwin20/11.1.0 -rpath /opt/homebrew/Cellar/gcc/11.1.0_1/lib/gcc/11/gcc/aarch64-apple-darwin20/11.1.0/../../.. -v
@(#)PROGRAM:ld  PROJECT:ld64-650.9
BUILD 13:09:13 May 28 2021
configured to support archs: armv6 armv7 armv7s arm64 arm64e arm64_32 i386 x86_64 x86_64h armv6m armv7k armv7m armv7em
@(#)PROGRAM:ld  PROJECT:ld64-650.9
BUILD 13:09:13 May 28 2021
configured to support archs: armv6 armv7 armv7s arm64 arm64e arm64_32 i386 x86_64 x86_64h armv6m armv7k armv7m armv7em
Library search paths:
	/opt/homebrew/Cellar/gcc/11.1.0_1/lib/gcc/11/gcc/aarch64-apple-darwin20/11.1.0
	/opt/homebrew/Cellar/gcc/11.1.0_1/lib/gcc/11
	/Library/Developer/CommandLineTools/SDKs/MacOSX11.3.sdk/usr/lib
Framework search paths:
	/Library/Developer/CommandLineTools/SDKs/MacOSX11.3.sdk/System/Library/Frameworks/



Parsed C implicit include dir info from above output: rv=done
  found start of include info
  found start of implicit include info
    add: [/opt/homebrew/Cellar/gcc/11.1.0_1/lib/gcc/11/gcc/aarch64-apple-darwin20/11.1.0/include]
    add: [/opt/homebrew/Cellar/gcc/11.1.0_1/lib/gcc/11/gcc/aarch64-apple-darwin20/11.1.0/include-fixed]
    add: [/Library/Developer/CommandLineTools/SDKs/MacOSX11.3.sdk/usr/include]
    add: [/Library/Developer/CommandLineTools/SDKs/MacOSX11.3.sdk/System/Library/Frameworks]
  end of search list found
  collapse include dir [/opt/homebrew/Cellar/gcc/11.1.0_1/lib/gcc/11/gcc/aarch64-apple-darwin20/11.1.0/include] ==> [/opt/homebrew/Cellar/gcc/11.1.0_1/lib/gcc/11/gcc/aarch64-apple-darwin20/11.1.0/include]
  collapse include dir [/opt/homebrew/Cellar/gcc/11.1.0_1/lib/gcc/11/gcc/aarch64-apple-darwin20/11.1.0/include-fixed] ==> [/opt/homebrew/Cellar/gcc/11.1.0_1/lib/gcc/11/gcc/aarch64-apple-darwin20/11.1.0/include-fixed]
  collapse include dir [/Library/Developer/CommandLineTools/SDKs/MacOSX11.3.sdk/usr/include] ==> [/Library/Developer/CommandLineTools/SDKs/MacOSX11.3.sdk/usr/include]
  collapse include dir [/Library/Developer/CommandLineTools/SDKs/MacOSX11.3.sdk/System/Library/Frameworks] ==> [/Library/Developer/CommandLineTools/SDKs/MacOSX11.3.sdk/System/Library/Frameworks]
  implicit include dirs: [/opt/homebrew/Cellar/gcc/11.1.0_1/lib/gcc/11/gcc/aarch64-apple-darwin20/11.1.0/include;/opt/homebrew/Cellar/gcc/11.1.0_1/lib/gcc/11/gcc/aarch64-apple-darwin20/11.1.0/include-fixed;/Library/Developer/CommandLineTools/SDKs/MacOSX11.3.sdk/usr/include;/Library/Developer/CommandLineTools/SDKs/MacOSX11.3.sdk/System/Library/Frameworks]


Parsed C implicit link information from above output:
  link line regex: [^( *|.*[/\])(ld|CMAKE_LINK_STARTFILE-NOTFOUND|([^/\]+-)?ld|collect2)[^/\]*( |$)]
  ignore line: [Change Dir: /Users/wuzhongqi/CLionProjects/BinPacking_OMP/cmake-build-debug/CMakeFiles/CMakeTmp]
  ignore line: []
  ignore line: [Run Build Command(s):/usr/bin/make -f Makefile cmTC_174e6/fast && /Library/Developer/CommandLineTools/usr/bin/make  -f CMakeFiles/cmTC_174e6.dir/build.make CMakeFiles/cmTC_174e6.dir/build]
  ignore line: [Building C object CMakeFiles/cmTC_174e6.dir/CMakeCCompilerABI.c.o]
  ignore line: [/opt/homebrew/Cellar/gcc/11.1.0_1/bin/gcc-11   -arch arm64 -isysroot /Library/Developer/CommandLineTools/SDKs/MacOSX11.3.sdk   -v -Wl -v -o CMakeFiles/cmTC_174e6.dir/CMakeCCompilerABI.c.o -c /Applications/CLion.app/Contents/bin/cmake/mac/share/cmake-3.20/Modules/CMakeCCompilerABI.c]
  ignore line: [Using built-in specs.]
  ignore line: [COLLECT_GCC=/opt/homebrew/Cellar/gcc/11.1.0_1/bin/gcc-11]
  ignore line: [Target: aarch64-apple-darwin20]
  ignore line: [Configured with: ../configure --prefix=/opt/homebrew/Cellar/gcc/11.1.0_1 --libdir=/opt/homebrew/Cellar/gcc/11.1.0_1/lib/gcc/11 --disable-nls --enable-checking=release --enable-languages=c c++ objc obj-c++ fortran --program-suffix=-11 --with-gmp=/opt/homebrew/opt/gmp --with-mpfr=/opt/homebrew/opt/mpfr --with-mpc=/opt/homebrew/opt/libmpc --with-isl=/opt/homebrew/opt/isl --with-zstd=/opt/homebrew/opt/zstd --with-pkgversion='Homebrew GCC 11.1.0_1' --with-bugurl=https://github.com/Homebrew/homebrew-core/issues --build=aarch64-apple-darwin20 --with-system-zlib --disable-multilib --with-native-system-header-dir=/usr/include --with-sysroot=/Library/Developer/CommandLineTools/SDKs/MacOSX.sdk]
  ignore line: [Thread model: posix]
  ignore line: [Supported LTO compression algorithms: zlib zstd]
  ignore line: [gcc version 11.1.0 (Homebrew GCC 11.1.0_1) ]
  ignore line: [COLLECT_GCC_OPTIONS='-isysroot' '/Library/Developer/CommandLineTools/SDKs/MacOSX11.3.sdk' '-v' '-o' 'CMakeFiles/cmTC_174e6.dir/CMakeCCompilerABI.c.o' '-c' '-mmacosx-version-min=11.5.0' '-asm_macosx_version_min=11.5' '-mlittle-endian' '-mabi=lp64' '-dumpdir' 'CMakeFiles/cmTC_174e6.dir/']
  ignore line: [ /opt/homebrew/Cellar/gcc/11.1.0_1/libexec/gcc/aarch64-apple-darwin20/11.1.0/cc1 -quiet -v -D__DYNAMIC__ -isysroot /Library/Developer/CommandLineTools/SDKs/MacOSX11.3.sdk /Applications/CLion.app/Contents/bin/cmake/mac/share/cmake-3.20/Modules/CMakeCCompilerABI.c -fPIC -quiet -dumpdir CMakeFiles/cmTC_174e6.dir/ -dumpbase CMakeCCompilerABI.c.c -dumpbase-ext .c -mmacosx-version-min=11.5.0 -mlittle-endian -mabi=lp64 -version -o /var/folders/x6/jmxw5p4x1c30zhxg3hykkdrw0000gn/T//ccnnyeAK.s]
  ignore line: [GNU C17 (Homebrew GCC 11.1.0_1) version 11.1.0 (aarch64-apple-darwin20)]
  ignore line: [	compiled by GNU C version 11.1.0  GMP version 6.2.1  MPFR version 4.1.0  MPC version 1.2.1  isl version isl-0.24-GMP]
  ignore line: []
  ignore line: [GGC heuristics: --param ggc-min-expand=100 --param ggc-min-heapsize=131072]
  ignore line: [ignoring nonexistent directory "/Library/Developer/CommandLineTools/SDKs/MacOSX11.3.sdk/usr/local/include"]
  ignore line: [ignoring nonexistent directory "/opt/homebrew/Cellar/gcc/11.1.0_1/lib/gcc/11/gcc/aarch64-apple-darwin20/11.1.0/../../../../../../aarch64-apple-darwin20/include"]
  ignore line: [ignoring nonexistent directory "/Library/Developer/CommandLineTools/SDKs/MacOSX11.3.sdk/Library/Frameworks"]
  ignore line: [#include "..." search starts here:]
  ignore line: [#include <...> search starts here:]
  ignore line: [ /opt/homebrew/Cellar/gcc/11.1.0_1/lib/gcc/11/gcc/aarch64-apple-darwin20/11.1.0/include]
  ignore line: [ /opt/homebrew/Cellar/gcc/11.1.0_1/lib/gcc/11/gcc/aarch64-apple-darwin20/11.1.0/include-fixed]
  ignore line: [ /Library/Developer/CommandLineTools/SDKs/MacOSX11.3.sdk/usr/include]
  ignore line: [ /Library/Developer/CommandLineTools/SDKs/MacOSX11.3.sdk/System/Library/Frameworks]
  ignore line: [End of search list.]
  ignore line: [GNU C17 (Homebrew GCC 11.1.0_1) version 11.1.0 (aarch64-apple-darwin20)]
  ignore line: [	compiled by GNU C version 11.1.0  GMP version 6.2.1  MPFR version 4.1.0  MPC version 1.2.1  isl version isl-0.24-GMP]
  ignore line: []
  ignore line: [GGC heuristics: --param ggc-min-expand=100 --param ggc-min-heapsize=131072]
  ignore line: [Compiler executable checksum: 41b0656433a312e6a24307d675ab7251]
  ignore line: [COLLECT_GCC_OPTIONS='-isysroot' '/Library/Developer/CommandLineTools/SDKs/MacOSX11.3.sdk' '-v' '-o' 'CMakeFiles/cmTC_174e6.dir/CMakeCCompilerABI.c.o' '-c' '-mmacosx-version-min=11.5.0'  '-mlittle-endian' '-mabi=lp64' '-dumpdir' 'CMakeFiles/cmTC_174e6.dir/']
  ignore line: [ as -arch arm64 -v -mmacosx-version-min=11.5 -o CMakeFiles/cmTC_174e6.dir/CMakeCCompilerABI.c.o /var/folders/x6/jmxw5p4x1c30zhxg3hykkdrw0000gn/T//ccnnyeAK.s]
  ignore line: [Apple clang version 12.0.5 (clang-1205.0.22.11)]
  ignore line: [Target: aarch64-apple-darwin20.6.0]
  ignore line: [Thread model: posix]
  ignore line: [InstalledDir: /Library/Developer/CommandLineTools/usr/bin]
  ignore line: [ "/Library/Developer/CommandLineTools/usr/bin/clang" -cc1as -triple arm64-apple-macosx11.5.0 -filetype obj -main-file-name ccnnyeAK.s -target-cpu apple-a12 -target-feature +v8.3a -target-feature +fp-armv8 -target-feature +neon -target-feature +crc -target-feature +crypto -target-feature +fullfp16 -target-feature +ras -target-feature +lse -target-feature +rdm -target-feature +rcpc -target-feature +zcm -target-feature +zcz -target-feature +sha2 -target-feature +aes -fdebug-compilation-dir /Users/wuzhongqi/CLionProjects/BinPacking_OMP/cmake-build-debug/CMakeFiles/CMakeTmp -dwarf-debug-producer "Apple clang version 12.0.5 (clang-1205.0.22.11)" -dwarf-version=4 -mrelocation-model pic -mllvm -disable-aligned-alloc-awareness=1 -o CMakeFiles/cmTC_174e6.dir/CMakeCCompilerABI.c.o /var/folders/x6/jmxw5p4x1c30zhxg3hykkdrw0000gn/T//ccnnyeAK.s]
  ignore line: [COMPILER_PATH=/opt/homebrew/Cellar/gcc/11.1.0_1/libexec/gcc/aarch64-apple-darwin20/11.1.0/:/opt/homebrew/Cellar/gcc/11.1.0_1/libexec/gcc/aarch64-apple-darwin20/11.1.0/:/opt/homebrew/Cellar/gcc/11.1.0_1/libexec/gcc/aarch64-apple-darwin20/:/opt/homebrew/Cellar/gcc/11.1.0_1/lib/gcc/11/gcc/aarch64-apple-darwin20/11.1.0/:/opt/homebrew/Cellar/gcc/11.1.0_1/lib/gcc/11/gcc/aarch64-apple-darwin20/]
  ignore line: [LIBRARY_PATH=/opt/homebrew/Cellar/gcc/11.1.0_1/lib/gcc/11/gcc/aarch64-apple-darwin20/11.1.0/:/opt/homebrew/Cellar/gcc/11.1.0_1/lib/gcc/11/gcc/aarch64-apple-darwin20/11.1.0/../../../]
  ignore line: [COLLECT_GCC_OPTIONS='-isysroot' '/Library/Developer/CommandLineTools/SDKs/MacOSX11.3.sdk' '-v' '-o' 'CMakeFiles/cmTC_174e6.dir/CMakeCCompilerABI.c.o' '-c' '-mmacosx-version-min=11.5.0'  '-mlittle-endian' '-mabi=lp64' '-dumpdir' 'CMakeFiles/cmTC_174e6.dir/CMakeCCompilerABI.c.']
  ignore line: [Linking C executable cmTC_174e6]
  ignore line: [/Applications/CLion.app/Contents/bin/cmake/mac/bin/cmake -E cmake_link_script CMakeFiles/cmTC_174e6.dir/link.txt --verbose=1]
  ignore line: [/opt/homebrew/Cellar/gcc/11.1.0_1/bin/gcc-11  -arch arm64 -isysroot /Library/Developer/CommandLineTools/SDKs/MacOSX11.3.sdk -Wl -search_paths_first -Wl -headerpad_max_install_names  -v -Wl -v CMakeFiles/cmTC_174e6.dir/CMakeCCompilerABI.c.o -o cmTC_174e6 ]
  ignore line: [Using built-in specs.]
  ignore line: [COLLECT_GCC=/opt/homebrew/Cellar/gcc/11.1.0_1/bin/gcc-11]
  ignore line: [COLLECT_LTO_WRAPPER=/opt/homebrew/Cellar/gcc/11.1.0_1/libexec/gcc/aarch64-apple-darwin20/11.1.0/lto-wrapper]
  ignore line: [Target: aarch64-apple-darwin20]
  ignore line: [Configured with: ../configure --prefix=/opt/homebrew/Cellar/gcc/11.1.0_1 --libdir=/opt/homebrew/Cellar/gcc/11.1.0_1/lib/gcc/11 --disable-nls --enable-checking=release --enable-languages=c c++ objc obj-c++ fortran --program-suffix=-11 --with-gmp=/opt/homebrew/opt/gmp --with-mpfr=/opt/homebrew/opt/mpfr --with-mpc=/opt/homebrew/opt/libmpc --with-isl=/opt/homebrew/opt/isl --with-zstd=/opt/homebrew/opt/zstd --with-pkgversion='Homebrew GCC 11.1.0_1' --with-bugurl=https://github.com/Homebrew/homebrew-core/issues --build=aarch64-apple-darwin20 --with-system-zlib --disable-multilib --with-native-system-header-dir=/usr/include --with-sysroot=/Library/Developer/CommandLineTools/SDKs/MacOSX.sdk]
  ignore line: [Thread model: posix]
  ignore line: [Supported LTO compression algorithms: zlib zstd]
  ignore line: [gcc version 11.1.0 (Homebrew GCC 11.1.0_1) ]
  ignore line: [COMPILER_PATH=/opt/homebrew/Cellar/gcc/11.1.0_1/libexec/gcc/aarch64-apple-darwin20/11.1.0/:/opt/homebrew/Cellar/gcc/11.1.0_1/libexec/gcc/aarch64-apple-darwin20/11.1.0/:/opt/homebrew/Cellar/gcc/11.1.0_1/libexec/gcc/aarch64-apple-darwin20/:/opt/homebrew/Cellar/gcc/11.1.0_1/lib/gcc/11/gcc/aarch64-apple-darwin20/11.1.0/:/opt/homebrew/Cellar/gcc/11.1.0_1/lib/gcc/11/gcc/aarch64-apple-darwin20/]
  ignore line: [LIBRARY_PATH=/opt/homebrew/Cellar/gcc/11.1.0_1/lib/gcc/11/gcc/aarch64-apple-darwin20/11.1.0/:/opt/homebrew/Cellar/gcc/11.1.0_1/lib/gcc/11/gcc/aarch64-apple-darwin20/11.1.0/../../../]
  ignore line: [COLLECT_GCC_OPTIONS='-isysroot' '/Library/Developer/CommandLineTools/SDKs/MacOSX11.3.sdk' '-v' '-o' 'cmTC_174e6' '-mmacosx-version-min=11.5.0' '-asm_macosx_version_min=11.5' '-mlittle-endian' '-mabi=lp64' '-dumpdir' 'cmTC_174e6.']
  link line: [ /opt/homebrew/Cellar/gcc/11.1.0_1/libexec/gcc/aarch64-apple-darwin20/11.1.0/collect2 -dynamic -arch arm64 -macosx_version_min 11.5.0 -syslibroot /Library/Developer/CommandLineTools/SDKs/MacOSX11.3.sdk -weak_reference_mismatches non-weak -o cmTC_174e6 -L/opt/homebrew/Cellar/gcc/11.1.0_1/lib/gcc/11/gcc/aarch64-apple-darwin20/11.1.0 -L/opt/homebrew/Cellar/gcc/11.1.0_1/lib/gcc/11/gcc/aarch64-apple-darwin20/11.1.0/../../.. -search_paths_first -headerpad_max_install_names -v CMakeFiles/cmTC_174e6.dir/CMakeCCompilerABI.c.o -lgcc_s.1.1 -lgcc -lSystem -lgcc -no_compact_unwind -rpath @loader_path -rpath /opt/homebrew/Cellar/gcc/11.1.0_1/lib/gcc/11/gcc/aarch64-apple-darwin20/11.1.0 -rpath /opt/homebrew/Cellar/gcc/11.1.0_1/lib/gcc/11/gcc/aarch64-apple-darwin20/11.1.0/../../.. -v]
    arg [/opt/homebrew/Cellar/gcc/11.1.0_1/libexec/gcc/aarch64-apple-darwin20/11.1.0/collect2] ==> ignore
    arg [-dynamic] ==> ignore
    arg [-arch] ==> ignore
    arg [arm64] ==> ignore
    arg [-macosx_version_min] ==> ignore
    arg [11.5.0] ==> ignore
    arg [-syslibroot] ==> ignore
    arg [/Library/Developer/CommandLineTools/SDKs/MacOSX11.3.sdk] ==> ignore
    arg [-weak_reference_mismatches] ==> ignore
    arg [non-weak] ==> ignore
    arg [-o] ==> ignore
    arg [cmTC_174e6] ==> ignore
    arg [-L/opt/homebrew/Cellar/gcc/11.1.0_1/lib/gcc/11/gcc/aarch64-apple-darwin20/11.1.0] ==> dir [/opt/homebrew/Cellar/gcc/11.1.0_1/lib/gcc/11/gcc/aarch64-apple-darwin20/11.1.0]
    arg [-L/opt/homebrew/Cellar/gcc/11.1.0_1/lib/gcc/11/gcc/aarch64-apple-darwin20/11.1.0/../../..] ==> dir [/opt/homebrew/Cellar/gcc/11.1.0_1/lib/gcc/11/gcc/aarch64-apple-darwin20/11.1.0/../../..]
    arg [-search_paths_first] ==> ignore
    arg [-headerpad_max_install_names] ==> ignore
    arg [-v] ==> ignore
    arg [CMakeFiles/cmTC_174e6.dir/CMakeCCompilerABI.c.o] ==> ignore
    arg [-lgcc_s.1.1] ==> lib [gcc_s.1.1]
    arg [-lgcc] ==> lib [gcc]
    arg [-lSystem] ==> lib [System]
    arg [-lgcc] ==> lib [gcc]
    arg [-no_compact_unwind] ==> ignore
    arg [-rpath] ==> ignore
    arg [@loader_path] ==> ignore
    arg [-rpath] ==> ignore
    arg [/opt/homebrew/Cellar/gcc/11.1.0_1/lib/gcc/11/gcc/aarch64-apple-darwin20/11.1.0] ==> ignore
    arg [-rpath] ==> ignore
    arg [/opt/homebrew/Cellar/gcc/11.1.0_1/lib/gcc/11/gcc/aarch64-apple-darwin20/11.1.0/../../..] ==> ignore
    arg [-v] ==> ignore
  Library search paths: [;/opt/homebrew/Cellar/gcc/11.1.0_1/lib/gcc/11/gcc/aarch64-apple-darwin20/11.1.0;/opt/homebrew/Cellar/gcc/11.1.0_1/lib/gcc/11;/Library/Developer/CommandLineTools/SDKs/MacOSX11.3.sdk/usr/lib]
  Framework search paths: [;/Library/Developer/CommandLineTools/SDKs/MacOSX11.3.sdk/System/Library/Frameworks/]
  remove lib [System]
  collapse library dir [/opt/homebrew/Cellar/gcc/11.1.0_1/lib/gcc/11/gcc/aarch64-apple-darwin20/11.1.0] ==> [/opt/homebrew/Cellar/gcc/11.1.0_1/lib/gcc/11/gcc/aarch64-apple-darwin20/11.1.0]
  collapse library dir [/opt/homebrew/Cellar/gcc/11.1.0_1/lib/gcc/11/gcc/aarch64-apple-darwin20/11.1.0/../../..] ==> [/opt/homebrew/Cellar/gcc/11.1.0_1/lib/gcc/11]
  collapse library dir [/opt/homebrew/Cellar/gcc/11.1.0_1/lib/gcc/11/gcc/aarch64-apple-darwin20/11.1.0] ==> [/opt/homebrew/Cellar/gcc/11.1.0_1/lib/gcc/11/gcc/aarch64-apple-darwin20/11.1.0]
  collapse library dir [/opt/homebrew/Cellar/gcc/11.1.0_1/lib/gcc/11] ==> [/opt/homebrew/Cellar/gcc/11.1.0_1/lib/gcc/11]
  collapse library dir [/Library/Developer/CommandLineTools/SDKs/MacOSX11.3.sdk/usr/lib] ==> [/Library/Developer/CommandLineTools/SDKs/MacOSX11.3.sdk/usr/lib]
  collapse framework dir [/Library/Developer/CommandLineTools/SDKs/MacOSX11.3.sdk/System/Library/Frameworks/] ==> [/Library/Developer/CommandLineTools/SDKs/MacOSX11.3.sdk/System/Library/Frameworks]
  implicit libs: [gcc_s.1.1;gcc;gcc]
  implicit objs: []
  implicit dirs: [/opt/homebrew/Cellar/gcc/11.1.0_1/lib/gcc/11/gcc/aarch64-apple-darwin20/11.1.0;/opt/homebrew/Cellar/gcc/11.1.0_1/lib/gcc/11;/Library/Developer/CommandLineTools/SDKs/MacOSX11.3.sdk/usr/lib]
  implicit fwks: [/Library/Developer/CommandLineTools/SDKs/MacOSX11.3.sdk/System/Library/Frameworks]


Detecting CXX compiler ABI info compiled with the following output:
Change Dir: /Users/wuzhongqi/CLionProjects/BinPacking_OMP/cmake-build-debug/CMakeFiles/CMakeTmp

Run Build Command(s):/usr/bin/make -f Makefile cmTC_e6efc/fast && /Library/Developer/CommandLineTools/usr/bin/make  -f CMakeFiles/cmTC_e6efc.dir/build.make CMakeFiles/cmTC_e6efc.dir/build
Building CXX object CMakeFiles/cmTC_e6efc.dir/CMakeCXXCompilerABI.cpp.o
/opt/homebrew/Cellar/gcc/11.1.0_1/bin/g++-11   -arch arm64 -isysroot /Library/Developer/CommandLineTools/SDKs/MacOSX11.3.sdk   -v -Wl,-v -o CMakeFiles/cmTC_e6efc.dir/CMakeCXXCompilerABI.cpp.o -c /Applications/CLion.app/Contents/bin/cmake/mac/share/cmake-3.20/Modules/CMakeCXXCompilerABI.cpp
Using built-in specs.
COLLECT_GCC=/opt/homebrew/Cellar/gcc/11.1.0_1/bin/g++-11
Target: aarch64-apple-darwin20
Configured with: ../configure --prefix=/opt/homebrew/Cellar/gcc/11.1.0_1 --libdir=/opt/homebrew/Cellar/gcc/11.1.0_1/lib/gcc/11 --disable-nls --enable-checking=release --enable-languages=c,c++,objc,obj-c++,fortran --program-suffix=-11 --with-gmp=/opt/homebrew/opt/gmp --with-mpfr=/opt/homebrew/opt/mpfr --with-mpc=/opt/homebrew/opt/libmpc --with-isl=/opt/homebrew/opt/isl --with-zstd=/opt/homebrew/opt/zstd --with-pkgversion='Homebrew GCC 11.1.0_1' --with-bugurl=https://github.com/Homebrew/homebrew-core/issues --build=aarch64-apple-darwin20 --with-system-zlib --disable-multilib --with-native-system-header-dir=/usr/include --with-sysroot=/Library/Developer/CommandLineTools/SDKs/MacOSX.sdk
Thread model: posix
Supported LTO compression algorithms: zlib zstd
gcc version 11.1.0 (Homebrew GCC 11.1.0_1) 
COLLECT_GCC_OPTIONS='-isysroot' '/Library/Developer/CommandLineTools/SDKs/MacOSX11.3.sdk' '-v' '-o' 'CMakeFiles/cmTC_e6efc.dir/CMakeCXXCompilerABI.cpp.o' '-c' '-mmacosx-version-min=11.5.0' '-asm_macosx_version_min=11.5' '-mlittle-endian' '-mabi=lp64' '-dumpdir' 'CMakeFiles/cmTC_e6efc.dir/'
 /opt/homebrew/Cellar/gcc/11.1.0_1/libexec/gcc/aarch64-apple-darwin20/11.1.0/cc1plus -quiet -v -D__DYNAMIC__ -isysroot /Library/Developer/CommandLineTools/SDKs/MacOSX11.3.sdk /Applications/CLion.app/Contents/bin/cmake/mac/share/cmake-3.20/Modules/CMakeCXXCompilerABI.cpp -fPIC -quiet -dumpdir CMakeFiles/cmTC_e6efc.dir/ -dumpbase CMakeCXXCompilerABI.cpp.cpp -dumpbase-ext .cpp -mmacosx-version-min=11.5.0 -mlittle-endian -mabi=lp64 -version -o /var/folders/x6/jmxw5p4x1c30zhxg3hykkdrw0000gn/T//ccHHj7nh.s
GNU C++17 (Homebrew GCC 11.1.0_1) version 11.1.0 (aarch64-apple-darwin20)
	compiled by GNU C version 11.1.0, GMP version 6.2.1, MPFR version 4.1.0, MPC version 1.2.1, isl version isl-0.24-GMP

GGC heuristics: --param ggc-min-expand=100 --param ggc-min-heapsize=131072
ignoring nonexistent directory "/Library/Developer/CommandLineTools/SDKs/MacOSX11.3.sdk/usr/local/include"
ignoring nonexistent directory "/opt/homebrew/Cellar/gcc/11.1.0_1/lib/gcc/11/gcc/aarch64-apple-darwin20/11.1.0/../../../../../../aarch64-apple-darwin20/include"
ignoring nonexistent directory "/Library/Developer/CommandLineTools/SDKs/MacOSX11.3.sdk/Library/Frameworks"
#include "..." search starts here:
#include <...> search starts here:
 /opt/homebrew/Cellar/gcc/11.1.0_1/lib/gcc/11/gcc/aarch64-apple-darwin20/11.1.0/../../../../../../include/c++/11.1.0
 /opt/homebrew/Cellar/gcc/11.1.0_1/lib/gcc/11/gcc/aarch64-apple-darwin20/11.1.0/../../../../../../include/c++/11.1.0/aarch64-apple-darwin20
 /opt/homebrew/Cellar/gcc/11.1.0_1/lib/gcc/11/gcc/aarch64-apple-darwin20/11.1.0/../../../../../../include/c++/11.1.0/backward
 /opt/homebrew/Cellar/gcc/11.1.0_1/lib/gcc/11/gcc/aarch64-apple-darwin20/11.1.0/include
 /opt/homebrew/Cellar/gcc/11.1.0_1/lib/gcc/11/gcc/aarch64-apple-darwin20/11.1.0/include-fixed
 /Library/Developer/CommandLineTools/SDKs/MacOSX11.3.sdk/usr/include
 /Library/Developer/CommandLineTools/SDKs/MacOSX11.3.sdk/System/Library/Frameworks
End of search list.
GNU C++17 (Homebrew GCC 11.1.0_1) version 11.1.0 (aarch64-apple-darwin20)
	compiled by GNU C version 11.1.0, GMP version 6.2.1, MPFR version 4.1.0, MPC version 1.2.1, isl version isl-0.24-GMP

GGC heuristics: --param ggc-min-expand=100 --param ggc-min-heapsize=131072
Compiler executable checksum: 8e46952a8ff17c3ad045ff6ddd2a7314
COLLECT_GCC_OPTIONS='-isysroot' '/Library/Developer/CommandLineTools/SDKs/MacOSX11.3.sdk' '-v' '-o' 'CMakeFiles/cmTC_e6efc.dir/CMakeCXXCompilerABI.cpp.o' '-c' '-mmacosx-version-min=11.5.0'  '-mlittle-endian' '-mabi=lp64' '-dumpdir' 'CMakeFiles/cmTC_e6efc.dir/'
 as -arch arm64 -v -mmacosx-version-min=11.5 -o CMakeFiles/cmTC_e6efc.dir/CMakeCXXCompilerABI.cpp.o /var/folders/x6/jmxw5p4x1c30zhxg3hykkdrw0000gn/T//ccHHj7nh.s
Apple clang version 12.0.5 (clang-1205.0.22.11)
Target: aarch64-apple-darwin20.6.0
Thread model: posix
InstalledDir: /Library/Developer/CommandLineTools/usr/bin
 "/Library/Developer/CommandLineTools/usr/bin/clang" -cc1as -triple arm64-apple-macosx11.5.0 -filetype obj -main-file-name ccHHj7nh.s -target-cpu apple-a12 -target-feature +v8.3a -target-feature +fp-armv8 -target-feature +neon -target-feature +crc -target-feature +crypto -target-feature +fullfp16 -target-feature +ras -target-feature +lse -target-feature +rdm -target-feature +rcpc -target-feature +zcm -target-feature +zcz -target-feature +sha2 -target-feature +aes -fdebug-compilation-dir /Users/wuzhongqi/CLionProjects/BinPacking_OMP/cmake-build-debug/CMakeFiles/CMakeTmp -dwarf-debug-producer "Apple clang version 12.0.5 (clang-1205.0.22.11)" -dwarf-version=4 -mrelocation-model pic -mllvm -disable-aligned-alloc-awareness=1 -o CMakeFiles/cmTC_e6efc.dir/CMakeCXXCompilerABI.cpp.o /var/folders/x6/jmxw5p4x1c30zhxg3hykkdrw0000gn/T//ccHHj7nh.s
COMPILER_PATH=/opt/homebrew/Cellar/gcc/11.1.0_1/libexec/gcc/aarch64-apple-darwin20/11.1.0/:/opt/homebrew/Cellar/gcc/11.1.0_1/libexec/gcc/aarch64-apple-darwin20/11.1.0/:/opt/homebrew/Cellar/gcc/11.1.0_1/libexec/gcc/aarch64-apple-darwin20/:/opt/homebrew/Cellar/gcc/11.1.0_1/lib/gcc/11/gcc/aarch64-apple-darwin20/11.1.0/:/opt/homebrew/Cellar/gcc/11.1.0_1/lib/gcc/11/gcc/aarch64-apple-darwin20/
LIBRARY_PATH=/opt/homebrew/Cellar/gcc/11.1.0_1/lib/gcc/11/gcc/aarch64-apple-darwin20/11.1.0/:/opt/homebrew/Cellar/gcc/11.1.0_1/lib/gcc/11/gcc/aarch64-apple-darwin20/11.1.0/../../../
COLLECT_GCC_OPTIONS='-isysroot' '/Library/Developer/CommandLineTools/SDKs/MacOSX11.3.sdk' '-v' '-o' 'CMakeFiles/cmTC_e6efc.dir/CMakeCXXCompilerABI.cpp.o' '-c' '-mmacosx-version-min=11.5.0'  '-mlittle-endian' '-mabi=lp64' '-dumpdir' 'CMakeFiles/cmTC_e6efc.dir/CMakeCXXCompilerABI.cpp.'
Linking CXX executable cmTC_e6efc
/Applications/CLion.app/Contents/bin/cmake/mac/bin/cmake -E cmake_link_script CMakeFiles/cmTC_e6efc.dir/link.txt --verbose=1
/opt/homebrew/Cellar/gcc/11.1.0_1/bin/g++-11  -arch arm64 -isysroot /Library/Developer/CommandLineTools/SDKs/MacOSX11.3.sdk -Wl,-search_paths_first -Wl,-headerpad_max_install_names  -v -Wl,-v CMakeFiles/cmTC_e6efc.dir/CMakeCXXCompilerABI.cpp.o -o cmTC_e6efc 
Using built-in specs.
COLLECT_GCC=/opt/homebrew/Cellar/gcc/11.1.0_1/bin/g++-11
COLLECT_LTO_WRAPPER=/opt/homebrew/Cellar/gcc/11.1.0_1/libexec/gcc/aarch64-apple-darwin20/11.1.0/lto-wrapper
Target: aarch64-apple-darwin20
Configured with: ../configure --prefix=/opt/homebrew/Cellar/gcc/11.1.0_1 --libdir=/opt/homebrew/Cellar/gcc/11.1.0_1/lib/gcc/11 --disable-nls --enable-checking=release --enable-languages=c,c++,objc,obj-c++,fortran --program-suffix=-11 --with-gmp=/opt/homebrew/opt/gmp --with-mpfr=/opt/homebrew/opt/mpfr --with-mpc=/opt/homebrew/opt/libmpc --with-isl=/opt/homebrew/opt/isl --with-zstd=/opt/homebrew/opt/zstd --with-pkgversion='Homebrew GCC 11.1.0_1' --with-bugurl=https://github.com/Homebrew/homebrew-core/issues --build=aarch64-apple-darwin20 --with-system-zlib --disable-multilib --with-native-system-header-dir=/usr/include --with-sysroot=/Library/Developer/CommandLineTools/SDKs/MacOSX.sdk
Thread model: posix
Supported LTO compression algorithms: zlib zstd
gcc version 11.1.0 (Homebrew GCC 11.1.0_1) 
COMPILER_PATH=/opt/homebrew/Cellar/gcc/11.1.0_1/libexec/gcc/aarch64-apple-darwin20/11.1.0/:/opt/homebrew/Cellar/gcc/11.1.0_1/libexec/gcc/aarch64-apple-darwin20/11.1.0/:/opt/homebrew/Cellar/gcc/11.1.0_1/libexec/gcc/aarch64-apple-darwin20/:/opt/homebrew/Cellar/gcc/11.1.0_1/lib/gcc/11/gcc/aarch64-apple-darwin20/11.1.0/:/opt/homebrew/Cellar/gcc/11.1.0_1/lib/gcc/11/gcc/aarch64-apple-darwin20/
LIBRARY_PATH=/opt/homebrew/Cellar/gcc/11.1.0_1/lib/gcc/11/gcc/aarch64-apple-darwin20/11.1.0/:/opt/homebrew/Cellar/gcc/11.1.0_1/lib/gcc/11/gcc/aarch64-apple-darwin20/11.1.0/../../../
COLLECT_GCC_OPTIONS='-isysroot' '/Library/Developer/CommandLineTools/SDKs/MacOSX11.3.sdk' '-v' '-o' 'cmTC_e6efc' '-mmacosx-version-min=11.5.0' '-asm_macosx_version_min=11.5' '-mlittle-endian' '-mabi=lp64' '-dumpdir' 'cmTC_e6efc.'
 /opt/homebrew/Cellar/gcc/11.1.0_1/libexec/gcc/aarch64-apple-darwin20/11.1.0/collect2 -dynamic -arch arm64 -macosx_version_min 11.5.0 -syslibroot /Library/Developer/CommandLineTools/SDKs/MacOSX11.3.sdk -weak_reference_mismatches non-weak -o cmTC_e6efc -L/opt/homebrew/Cellar/gcc/11.1.0_1/lib/gcc/11/gcc/aarch64-apple-darwin20/11.1.0 -L/opt/homebrew/Cellar/gcc/11.1.0_1/lib/gcc/11/gcc/aarch64-apple-darwin20/11.1.0/../../.. -search_paths_first -headerpad_max_install_names -v CMakeFiles/cmTC_e6efc.dir/CMakeCXXCompilerABI.cpp.o -lstdc++ -lgcc_s.1.1 -lgcc -lSystem -lgcc -no_compact_unwind -rpath @loader_path -rpath /opt/homebrew/Cellar/gcc/11.1.0_1/lib/gcc/11/gcc/aarch64-apple-darwin20/11.1.0 -rpath /opt/homebrew/Cellar/gcc/11.1.0_1/lib/gcc/11/gcc/aarch64-apple-darwin20/11.1.0/../../.. -v
collect2 version 11.1.0
/usr/bin/ld -dynamic -arch arm64 -macosx_version_min 11.5.0 -syslibroot /Library/Developer/CommandLineTools/SDKs/MacOSX11.3.sdk -weak_reference_mismatches non-weak -o cmTC_e6efc -L/opt/homebrew/Cellar/gcc/11.1.0_1/lib/gcc/11/gcc/aarch64-apple-darwin20/11.1.0 -L/opt/homebrew/Cellar/gcc/11.1.0_1/lib/gcc/11/gcc/aarch64-apple-darwin20/11.1.0/../../.. -search_paths_first -headerpad_max_install_names -v CMakeFiles/cmTC_e6efc.dir/CMakeCXXCompilerABI.cpp.o -lstdc++ -lgcc_s.1.1 -lgcc -lSystem -lgcc -no_compact_unwind -rpath @loader_path -rpath /opt/homebrew/Cellar/gcc/11.1.0_1/lib/gcc/11/gcc/aarch64-apple-darwin20/11.1.0 -rpath /opt/homebrew/Cellar/gcc/11.1.0_1/lib/gcc/11/gcc/aarch64-apple-darwin20/11.1.0/../../.. -v
@(#)PROGRAM:ld  PROJECT:ld64-650.9
BUILD 13:09:13 May 28 2021
configured to support archs: armv6 armv7 armv7s arm64 arm64e arm64_32 i386 x86_64 x86_64h armv6m armv7k armv7m armv7em
@(#)PROGRAM:ld  PROJECT:ld64-650.9
BUILD 13:09:13 May 28 2021
configured to support archs: armv6 armv7 armv7s arm64 arm64e arm64_32 i386 x86_64 x86_64h armv6m armv7k armv7m armv7em
Library search paths:
	/opt/homebrew/Cellar/gcc/11.1.0_1/lib/gcc/11/gcc/aarch64-apple-darwin20/11.1.0
	/opt/homebrew/Cellar/gcc/11.1.0_1/lib/gcc/11
	/Library/Developer/CommandLineTools/SDKs/MacOSX11.3.sdk/usr/lib
Framework search paths:
	/Library/Developer/CommandLineTools/SDKs/MacOSX11.3.sdk/System/Library/Frameworks/



Parsed CXX implicit include dir info from above output: rv=done
  found start of include info
  found start of implicit include info
    add: [/opt/homebrew/Cellar/gcc/11.1.0_1/lib/gcc/11/gcc/aarch64-apple-darwin20/11.1.0/../../../../../../include/c++/11.1.0]
    add: [/opt/homebrew/Cellar/gcc/11.1.0_1/lib/gcc/11/gcc/aarch64-apple-darwin20/11.1.0/../../../../../../include/c++/11.1.0/aarch64-apple-darwin20]
    add: [/opt/homebrew/Cellar/gcc/11.1.0_1/lib/gcc/11/gcc/aarch64-apple-darwin20/11.1.0/../../../../../../include/c++/11.1.0/backward]
    add: [/opt/homebrew/Cellar/gcc/11.1.0_1/lib/gcc/11/gcc/aarch64-apple-darwin20/11.1.0/include]
    add: [/opt/homebrew/Cellar/gcc/11.1.0_1/lib/gcc/11/gcc/aarch64-apple-darwin20/11.1.0/include-fixed]
    add: [/Library/Developer/CommandLineTools/SDKs/MacOSX11.3.sdk/usr/include]
    add: [/Library/Developer/CommandLineTools/SDKs/MacOSX11.3.sdk/System/Library/Frameworks]
  end of search list found
  collapse include dir [/opt/homebrew/Cellar/gcc/11.1.0_1/lib/gcc/11/gcc/aarch64-apple-darwin20/11.1.0/../../../../../../include/c++/11.1.0] ==> [/opt/homebrew/Cellar/gcc/11.1.0_1/include/c++/11.1.0]
  collapse include dir [/opt/homebrew/Cellar/gcc/11.1.0_1/lib/gcc/11/gcc/aarch64-apple-darwin20/11.1.0/../../../../../../include/c++/11.1.0/aarch64-apple-darwin20] ==> [/opt/homebrew/Cellar/gcc/11.1.0_1/include/c++/11.1.0/aarch64-apple-darwin20]
  collapse include dir [/opt/homebrew/Cellar/gcc/11.1.0_1/lib/gcc/11/gcc/aarch64-apple-darwin20/11.1.0/../../../../../../include/c++/11.1.0/backward] ==> [/opt/homebrew/Cellar/gcc/11.1.0_1/include/c++/11.1.0/backward]
  collapse include dir [/opt/homebrew/Cellar/gcc/11.1.0_1/lib/gcc/11/gcc/aarch64-apple-darwin20/11.1.0/include] ==> [/opt/homebrew/Cellar/gcc/11.1.0_1/lib/gcc/11/gcc/aarch64-apple-darwin20/11.1.0/include]
  collapse include dir [/opt/homebrew/Cellar/gcc/11.1.0_1/lib/gcc/11/gcc/aarch64-apple-darwin20/11.1.0/include-fixed] ==> [/opt/homebrew/Cellar/gcc/11.1.0_1/lib/gcc/11/gcc/aarch64-apple-darwin20/11.1.0/include-fixed]
  collapse include dir [/Library/Developer/CommandLineTools/SDKs/MacOSX11.3.sdk/usr/include] ==> [/Library/Developer/CommandLineTools/SDKs/MacOSX11.3.sdk/usr/include]
  collapse include dir [/Library/Developer/CommandLineTools/SDKs/MacOSX11.3.sdk/System/Library/Frameworks] ==> [/Library/Developer/CommandLineTools/SDKs/MacOSX11.3.sdk/System/Library/Frameworks]
  implicit include dirs: [/opt/homebrew/Cellar/gcc/11.1.0_1/include/c++/11.1.0;/opt/homebrew/Cellar/gcc/11.1.0_1/include/c++/11.1.0/aarch64-apple-darwin20;/opt/homebrew/Cellar/gcc/11.1.0_1/include/c++/11.1.0/backward;/opt/homebrew/Cellar/gcc/11.1.0_1/lib/gcc/11/gcc/aarch64-apple-darwin20/11.1.0/include;/opt/homebrew/Cellar/gcc/11.1.0_1/lib/gcc/11/gcc/aarch64-apple-darwin20/11.1.0/include-fixed;/Library/Developer/CommandLineTools/SDKs/MacOSX11.3.sdk/usr/include;/Library/Developer/CommandLineTools/SDKs/MacOSX11.3.sdk/System/Library/Frameworks]


Parsed CXX implicit link information from above output:
  link line regex: [^( *|.*[/\])(ld|CMAKE_LINK_STARTFILE-NOTFOUND|([^/\]+-)?ld|collect2)[^/\]*( |$)]
  ignore line: [Change Dir: /Users/wuzhongqi/CLionProjects/BinPacking_OMP/cmake-build-debug/CMakeFiles/CMakeTmp]
  ignore line: []
  ignore line: [Run Build Command(s):/usr/bin/make -f Makefile cmTC_e6efc/fast && /Library/Developer/CommandLineTools/usr/bin/make  -f CMakeFiles/cmTC_e6efc.dir/build.make CMakeFiles/cmTC_e6efc.dir/build]
  ignore line: [Building CXX object CMakeFiles/cmTC_e6efc.dir/CMakeCXXCompilerABI.cpp.o]
  ignore line: [/opt/homebrew/Cellar/gcc/11.1.0_1/bin/g++-11   -arch arm64 -isysroot /Library/Developer/CommandLineTools/SDKs/MacOSX11.3.sdk   -v -Wl -v -o CMakeFiles/cmTC_e6efc.dir/CMakeCXXCompilerABI.cpp.o -c /Applications/CLion.app/Contents/bin/cmake/mac/share/cmake-3.20/Modules/CMakeCXXCompilerABI.cpp]
  ignore line: [Using built-in specs.]
  ignore line: [COLLECT_GCC=/opt/homebrew/Cellar/gcc/11.1.0_1/bin/g++-11]
  ignore line: [Target: aarch64-apple-darwin20]
  ignore line: [Configured with: ../configure --prefix=/opt/homebrew/Cellar/gcc/11.1.0_1 --libdir=/opt/homebrew/Cellar/gcc/11.1.0_1/lib/gcc/11 --disable-nls --enable-checking=release --enable-languages=c c++ objc obj-c++ fortran --program-suffix=-11 --with-gmp=/opt/homebrew/opt/gmp --with-mpfr=/opt/homebrew/opt/mpfr --with-mpc=/opt/homebrew/opt/libmpc --with-isl=/opt/homebrew/opt/isl --with-zstd=/opt/homebrew/opt/zstd --with-pkgversion='Homebrew GCC 11.1.0_1' --with-bugurl=https://github.com/Homebrew/homebrew-core/issues --build=aarch64-apple-darwin20 --with-system-zlib --disable-multilib --with-native-system-header-dir=/usr/include --with-sysroot=/Library/Developer/CommandLineTools/SDKs/MacOSX.sdk]
  ignore line: [Thread model: posix]
  ignore line: [Supported LTO compression algorithms: zlib zstd]
  ignore line: [gcc version 11.1.0 (Homebrew GCC 11.1.0_1) ]
  ignore line: [COLLECT_GCC_OPTIONS='-isysroot' '/Library/Developer/CommandLineTools/SDKs/MacOSX11.3.sdk' '-v' '-o' 'CMakeFiles/cmTC_e6efc.dir/CMakeCXXCompilerABI.cpp.o' '-c' '-mmacosx-version-min=11.5.0' '-asm_macosx_version_min=11.5' '-mlittle-endian' '-mabi=lp64' '-dumpdir' 'CMakeFiles/cmTC_e6efc.dir/']
  ignore line: [ /opt/homebrew/Cellar/gcc/11.1.0_1/libexec/gcc/aarch64-apple-darwin20/11.1.0/cc1plus -quiet -v -D__DYNAMIC__ -isysroot /Library/Developer/CommandLineTools/SDKs/MacOSX11.3.sdk /Applications/CLion.app/Contents/bin/cmake/mac/share/cmake-3.20/Modules/CMakeCXXCompilerABI.cpp -fPIC -quiet -dumpdir CMakeFiles/cmTC_e6efc.dir/ -dumpbase CMakeCXXCompilerABI.cpp.cpp -dumpbase-ext .cpp -mmacosx-version-min=11.5.0 -mlittle-endian -mabi=lp64 -version -o /var/folders/x6/jmxw5p4x1c30zhxg3hykkdrw0000gn/T//ccHHj7nh.s]
  ignore line: [GNU C++17 (Homebrew GCC 11.1.0_1) version 11.1.0 (aarch64-apple-darwin20)]
  ignore line: [	compiled by GNU C version 11.1.0  GMP version 6.2.1  MPFR version 4.1.0  MPC version 1.2.1  isl version isl-0.24-GMP]
  ignore line: []
  ignore line: [GGC heuristics: --param ggc-min-expand=100 --param ggc-min-heapsize=131072]
  ignore line: [ignoring nonexistent directory "/Library/Developer/CommandLineTools/SDKs/MacOSX11.3.sdk/usr/local/include"]
  ignore line: [ignoring nonexistent directory "/opt/homebrew/Cellar/gcc/11.1.0_1/lib/gcc/11/gcc/aarch64-apple-darwin20/11.1.0/../../../../../../aarch64-apple-darwin20/include"]
  ignore line: [ignoring nonexistent directory "/Library/Developer/CommandLineTools/SDKs/MacOSX11.3.sdk/Library/Frameworks"]
  ignore line: [#include "..." search starts here:]
  ignore line: [#include <...> search starts here:]
  ignore line: [ /opt/homebrew/Cellar/gcc/11.1.0_1/lib/gcc/11/gcc/aarch64-apple-darwin20/11.1.0/../../../../../../include/c++/11.1.0]
  ignore line: [ /opt/homebrew/Cellar/gcc/11.1.0_1/lib/gcc/11/gcc/aarch64-apple-darwin20/11.1.0/../../../../../../include/c++/11.1.0/aarch64-apple-darwin20]
  ignore line: [ /opt/homebrew/Cellar/gcc/11.1.0_1/lib/gcc/11/gcc/aarch64-apple-darwin20/11.1.0/../../../../../../include/c++/11.1.0/backward]
  ignore line: [ /opt/homebrew/Cellar/gcc/11.1.0_1/lib/gcc/11/gcc/aarch64-apple-darwin20/11.1.0/include]
  ignore line: [ /opt/homebrew/Cellar/gcc/11.1.0_1/lib/gcc/11/gcc/aarch64-apple-darwin20/11.1.0/include-fixed]
  ignore line: [ /Library/Developer/CommandLineTools/SDKs/MacOSX11.3.sdk/usr/include]
  ignore line: [ /Library/Developer/CommandLineTools/SDKs/MacOSX11.3.sdk/System/Library/Frameworks]
  ignore line: [End of search list.]
  ignore line: [GNU C++17 (Homebrew GCC 11.1.0_1) version 11.1.0 (aarch64-apple-darwin20)]
  ignore line: [	compiled by GNU C version 11.1.0  GMP version 6.2.1  MPFR version 4.1.0  MPC version 1.2.1  isl version isl-0.24-GMP]
  ignore line: []
  ignore line: [GGC heuristics: --param ggc-min-expand=100 --param ggc-min-heapsize=131072]
  ignore line: [Compiler executable checksum: 8e46952a8ff17c3ad045ff6ddd2a7314]
  ignore line: [COLLECT_GCC_OPTIONS='-isysroot' '/Library/Developer/CommandLineTools/SDKs/MacOSX11.3.sdk' '-v' '-o' 'CMakeFiles/cmTC_e6efc.dir/CMakeCXXCompilerABI.cpp.o' '-c' '-mmacosx-version-min=11.5.0'  '-mlittle-endian' '-mabi=lp64' '-dumpdir' 'CMakeFiles/cmTC_e6efc.dir/']
  ignore line: [ as -arch arm64 -v -mmacosx-version-min=11.5 -o CMakeFiles/cmTC_e6efc.dir/CMakeCXXCompilerABI.cpp.o /var/folders/x6/jmxw5p4x1c30zhxg3hykkdrw0000gn/T//ccHHj7nh.s]
  ignore line: [Apple clang version 12.0.5 (clang-1205.0.22.11)]
  ignore line: [Target: aarch64-apple-darwin20.6.0]
  ignore line: [Thread model: posix]
  ignore line: [InstalledDir: /Library/Developer/CommandLineTools/usr/bin]
  ignore line: [ "/Library/Developer/CommandLineTools/usr/bin/clang" -cc1as -triple arm64-apple-macosx11.5.0 -filetype obj -main-file-name ccHHj7nh.s -target-cpu apple-a12 -target-feature +v8.3a -target-feature +fp-armv8 -target-feature +neon -target-feature +crc -target-feature +crypto -target-feature +fullfp16 -target-feature +ras -target-feature +lse -target-feature +rdm -target-feature +rcpc -target-feature +zcm -target-feature +zcz -target-feature +sha2 -target-feature +aes -fdebug-compilation-dir /Users/wuzhongqi/CLionProjects/BinPacking_OMP/cmake-build-debug/CMakeFiles/CMakeTmp -dwarf-debug-producer "Apple clang version 12.0.5 (clang-1205.0.22.11)" -dwarf-version=4 -mrelocation-model pic -mllvm -disable-aligned-alloc-awareness=1 -o CMakeFiles/cmTC_e6efc.dir/CMakeCXXCompilerABI.cpp.o /var/folders/x6/jmxw5p4x1c30zhxg3hykkdrw0000gn/T//ccHHj7nh.s]
  ignore line: [COMPILER_PATH=/opt/homebrew/Cellar/gcc/11.1.0_1/libexec/gcc/aarch64-apple-darwin20/11.1.0/:/opt/homebrew/Cellar/gcc/11.1.0_1/libexec/gcc/aarch64-apple-darwin20/11.1.0/:/opt/homebrew/Cellar/gcc/11.1.0_1/libexec/gcc/aarch64-apple-darwin20/:/opt/homebrew/Cellar/gcc/11.1.0_1/lib/gcc/11/gcc/aarch64-apple-darwin20/11.1.0/:/opt/homebrew/Cellar/gcc/11.1.0_1/lib/gcc/11/gcc/aarch64-apple-darwin20/]
  ignore line: [LIBRARY_PATH=/opt/homebrew/Cellar/gcc/11.1.0_1/lib/gcc/11/gcc/aarch64-apple-darwin20/11.1.0/:/opt/homebrew/Cellar/gcc/11.1.0_1/lib/gcc/11/gcc/aarch64-apple-darwin20/11.1.0/../../../]
  ignore line: [COLLECT_GCC_OPTIONS='-isysroot' '/Library/Developer/CommandLineTools/SDKs/MacOSX11.3.sdk' '-v' '-o' 'CMakeFiles/cmTC_e6efc.dir/CMakeCXXCompilerABI.cpp.o' '-c' '-mmacosx-version-min=11.5.0'  '-mlittle-endian' '-mabi=lp64' '-dumpdir' 'CMakeFiles/cmTC_e6efc.dir/CMakeCXXCompilerABI.cpp.']
  ignore line: [Linking CXX executable cmTC_e6efc]
  ignore line: [/Applications/CLion.app/Contents/bin/cmake/mac/bin/cmake -E cmake_link_script CMakeFiles/cmTC_e6efc.dir/link.txt --verbose=1]
  ignore line: [/opt/homebrew/Cellar/gcc/11.1.0_1/bin/g++-11  -arch arm64 -isysroot /Library/Developer/CommandLineTools/SDKs/MacOSX11.3.sdk -Wl -search_paths_first -Wl -headerpad_max_install_names  -v -Wl -v CMakeFiles/cmTC_e6efc.dir/CMakeCXXCompilerABI.cpp.o -o cmTC_e6efc ]
  ignore line: [Using built-in specs.]
  ignore line: [COLLECT_GCC=/opt/homebrew/Cellar/gcc/11.1.0_1/bin/g++-11]
  ignore line: [COLLECT_LTO_WRAPPER=/opt/homebrew/Cellar/gcc/11.1.0_1/libexec/gcc/aarch64-apple-darwin20/11.1.0/lto-wrapper]
  ignore line: [Target: aarch64-apple-darwin20]
  ignore line: [Configured with: ../configure --prefix=/opt/homebrew/Cellar/gcc/11.1.0_1 --libdir=/opt/homebrew/Cellar/gcc/11.1.0_1/lib/gcc/11 --disable-nls --enable-checking=release --enable-languages=c c++ objc obj-c++ fortran --program-suffix=-11 --with-gmp=/opt/homebrew/opt/gmp --with-mpfr=/opt/homebrew/opt/mpfr --with-mpc=/opt/homebrew/opt/libmpc --with-isl=/opt/homebrew/opt/isl --with-zstd=/opt/homebrew/opt/zstd --with-pkgversion='Homebrew GCC 11.1.0_1' --with-bugurl=https://github.com/Homebrew/homebrew-core/issues --build=aarch64-apple-darwin20 --with-system-zlib --disable-multilib --with-native-system-header-dir=/usr/include --with-sysroot=/Library/Developer/CommandLineTools/SDKs/MacOSX.sdk]
  ignore line: [Thread model: posix]
  ignore line: [Supported LTO compression algorithms: zlib zstd]
  ignore line: [gcc version 11.1.0 (Homebrew GCC 11.1.0_1) ]
  ignore line: [COMPILER_PATH=/opt/homebrew/Cellar/gcc/11.1.0_1/libexec/gcc/aarch64-apple-darwin20/11.1.0/:/opt/homebrew/Cellar/gcc/11.1.0_1/libexec/gcc/aarch64-apple-darwin20/11.1.0/:/opt/homebrew/Cellar/gcc/11.1.0_1/libexec/gcc/aarch64-apple-darwin20/:/opt/homebrew/Cellar/gcc/11.1.0_1/lib/gcc/11/gcc/aarch64-apple-darwin20/11.1.0/:/opt/homebrew/Cellar/gcc/11.1.0_1/lib/gcc/11/gcc/aarch64-apple-darwin20/]
  ignore line: [LIBRARY_PATH=/opt/homebrew/Cellar/gcc/11.1.0_1/lib/gcc/11/gcc/aarch64-apple-darwin20/11.1.0/:/opt/homebrew/Cellar/gcc/11.1.0_1/lib/gcc/11/gcc/aarch64-apple-darwin20/11.1.0/../../../]
  ignore line: [COLLECT_GCC_OPTIONS='-isysroot' '/Library/Developer/CommandLineTools/SDKs/MacOSX11.3.sdk' '-v' '-o' 'cmTC_e6efc' '-mmacosx-version-min=11.5.0' '-asm_macosx_version_min=11.5' '-mlittle-endian' '-mabi=lp64' '-dumpdir' 'cmTC_e6efc.']
  link line: [ /opt/homebrew/Cellar/gcc/11.1.0_1/libexec/gcc/aarch64-apple-darwin20/11.1.0/collect2 -dynamic -arch arm64 -macosx_version_min 11.5.0 -syslibroot /Library/Developer/CommandLineTools/SDKs/MacOSX11.3.sdk -weak_reference_mismatches non-weak -o cmTC_e6efc -L/opt/homebrew/Cellar/gcc/11.1.0_1/lib/gcc/11/gcc/aarch64-apple-darwin20/11.1.0 -L/opt/homebrew/Cellar/gcc/11.1.0_1/lib/gcc/11/gcc/aarch64-apple-darwin20/11.1.0/../../.. -search_paths_first -headerpad_max_install_names -v CMakeFiles/cmTC_e6efc.dir/CMakeCXXCompilerABI.cpp.o -lstdc++ -lgcc_s.1.1 -lgcc -lSystem -lgcc -no_compact_unwind -rpath @loader_path -rpath /opt/homebrew/Cellar/gcc/11.1.0_1/lib/gcc/11/gcc/aarch64-apple-darwin20/11.1.0 -rpath /opt/homebrew/Cellar/gcc/11.1.0_1/lib/gcc/11/gcc/aarch64-apple-darwin20/11.1.0/../../.. -v]
    arg [/opt/homebrew/Cellar/gcc/11.1.0_1/libexec/gcc/aarch64-apple-darwin20/11.1.0/collect2] ==> ignore
    arg [-dynamic] ==> ignore
    arg [-arch] ==> ignore
    arg [arm64] ==> ignore
    arg [-macosx_version_min] ==> ignore
    arg [11.5.0] ==> ignore
    arg [-syslibroot] ==> ignore
    arg [/Library/Developer/CommandLineTools/SDKs/MacOSX11.3.sdk] ==> ignore
    arg [-weak_reference_mismatches] ==> ignore
    arg [non-weak] ==> ignore
    arg [-o] ==> ignore
    arg [cmTC_e6efc] ==> ignore
    arg [-L/opt/homebrew/Cellar/gcc/11.1.0_1/lib/gcc/11/gcc/aarch64-apple-darwin20/11.1.0] ==> dir [/opt/homebrew/Cellar/gcc/11.1.0_1/lib/gcc/11/gcc/aarch64-apple-darwin20/11.1.0]
    arg [-L/opt/homebrew/Cellar/gcc/11.1.0_1/lib/gcc/11/gcc/aarch64-apple-darwin20/11.1.0/../../..] ==> dir [/opt/homebrew/Cellar/gcc/11.1.0_1/lib/gcc/11/gcc/aarch64-apple-darwin20/11.1.0/../../..]
    arg [-search_paths_first] ==> ignore
    arg [-headerpad_max_install_names] ==> ignore
    arg [-v] ==> ignore
    arg [CMakeFiles/cmTC_e6efc.dir/CMakeCXXCompilerABI.cpp.o] ==> ignore
    arg [-lstdc++] ==> lib [stdc++]
    arg [-lgcc_s.1.1] ==> lib [gcc_s.1.1]
    arg [-lgcc] ==> lib [gcc]
    arg [-lSystem] ==> lib [System]
    arg [-lgcc] ==> lib [gcc]
    arg [-no_compact_unwind] ==> ignore
    arg [-rpath] ==> ignore
    arg [@loader_path] ==> ignore
    arg [-rpath] ==> ignore
    arg [/opt/homebrew/Cellar/gcc/11.1.0_1/lib/gcc/11/gcc/aarch64-apple-darwin20/11.1.0] ==> ignore
    arg [-rpath] ==> ignore
    arg [/opt/homebrew/Cellar/gcc/11.1.0_1/lib/gcc/11/gcc/aarch64-apple-darwin20/11.1.0/../../..] ==> ignore
    arg [-v] ==> ignore
  Library search paths: [;/opt/homebrew/Cellar/gcc/11.1.0_1/lib/gcc/11/gcc/aarch64-apple-darwin20/11.1.0;/opt/homebrew/Cellar/gcc/11.1.0_1/lib/gcc/11;/Library/Developer/CommandLineTools/SDKs/MacOSX11.3.sdk/usr/lib]
  Framework search paths: [;/Library/Developer/CommandLineTools/SDKs/MacOSX11.3.sdk/System/Library/Frameworks/]
  remove lib [System]
  collapse library dir [/opt/homebrew/Cellar/gcc/11.1.0_1/lib/gcc/11/gcc/aarch64-apple-darwin20/11.1.0] ==> [/opt/homebrew/Cellar/gcc/11.1.0_1/lib/gcc/11/gcc/aarch64-apple-darwin20/11.1.0]
  collapse library dir [/opt/homebrew/Cellar/gcc/11.1.0_1/lib/gcc/11/gcc/aarch64-apple-darwin20/11.1.0/../../..] ==> [/opt/homebrew/Cellar/gcc/11.1.0_1/lib/gcc/11]
  collapse library dir [/opt/homebrew/Cellar/gcc/11.1.0_1/lib/gcc/11/gcc/aarch64-apple-darwin20/11.1.0] ==> [/opt/homebrew/Cellar/gcc/11.1.0_1/lib/gcc/11/gcc/aarch64-apple-darwin20/11.1.0]
  collapse library dir [/opt/homebrew/Cellar/gcc/11.1.0_1/lib/gcc/11] ==> [/opt/homebrew/Cellar/gcc/11.1.0_1/lib/gcc/11]
  collapse library dir [/Library/Developer/CommandLineTools/SDKs/MacOSX11.3.sdk/usr/lib] ==> [/Library/Developer/CommandLineTools/SDKs/MacOSX11.3.sdk/usr/lib]
  collapse framework dir [/Library/Developer/CommandLineTools/SDKs/MacOSX11.3.sdk/System/Library/Frameworks/] ==> [/Library/Developer/CommandLineTools/SDKs/MacOSX11.3.sdk/System/Library/Frameworks]
  implicit libs: [stdc++;gcc_s.1.1;gcc;gcc]
  implicit objs: []
  implicit dirs: [/opt/homebrew/Cellar/gcc/11.1.0_1/lib/gcc/11/gcc/aarch64-apple-darwin20/11.1.0;/opt/homebrew/Cellar/gcc/11.1.0_1/lib/gcc/11;/Library/Developer/CommandLineTools/SDKs/MacOSX11.3.sdk/usr/lib]
  implicit fwks: [/Library/Developer/CommandLineTools/SDKs/MacOSX11.3.sdk/System/Library/Frameworks]


